{"name": "test_correct_data_in_status_window[user_data0]", "status": "failed", "statusDetails": {"message": "AssertionError: assert {'address': '...10.2024', ...} == {'address': '...октября', ...}\n  \n  Omitting 6 identical items, use -vv to show\n  Differing items:\n  {'date': '05.10.2024'} != {'date': '9 октября'}\n  {'subway': 'Преображенская площадь'} != {'subway': 'Сокольники'}\n  {'colors': ['2']} != {'colors': 'серая безысходность'}\n  Use -v to get more diff", "trace": "self = <tests.test_track_page.TestTrackPage object at 0x77a4b96bb860>\nuser_data = {'address': 'ул. Пушкина', 'colors': ['2'], 'comment': 'ну как ты там брат, братишка? братюльник-братюнец', 'date': '05.10.2024', ...}\nopen_main_page = None\n\n    @pytest.mark.parametrize('user_data', helper.USER_DATA)\n    def test_correct_data_in_status_window(self, user_data, open_main_page):\n        main_page = MainPage(self.driver)\n        order_page = OrderPage(main_page.go_to_order_page_from_header())\n        track_page = TrackPage(*order_page.full_flow_from_order_page_to_track_page(user_data))\n        all_elements_text = track_page.get_all_elements_text_in_track_info()\n>       assert user_data == all_elements_text\nE       AssertionError: assert {'address': '...10.2024', ...} == {'address': '...октября', ...}\nE         \nE         Omitting 6 identical items, use -vv to show\nE         Differing items:\nE         {'date': '05.10.2024'} != {'date': '9 октября'}\nE         {'subway': 'Преображенская площадь'} != {'subway': 'Сокольники'}\nE         {'colors': ['2']} != {'colors': 'серая безысходность'}\nE         Use -v to get more diff\n\ntests/test_track_page.py:25: AssertionError"}, "parameters": [{"name": "user_data", "value": "{'name': 'Ясос', 'surname': 'Биб', 'address': 'ул. Пушкина', 'subway': 'Преображенская площадь', 'phone': '89213156432', 'date': '05.10.2024', 'time_of_rent': 'четверо суток', 'colors': ['2'], 'comment': 'ну как ты там брат, братишка? братюльник-братюнец'}"}], "start": 1728924881414, "stop": 1728924885629, "uuid": "8d84be32-ec36-401d-aa37-c47e554bdf8c", "historyId": "7c06f1a1ae634db17039cc4ef8055ef8", "testCaseId": "d1581c43d26bb4f6458dff7a02e29ee1", "fullName": "tests.test_track_page.TestTrackPage#test_correct_data_in_status_window", "labels": [{"name": "parentSuite", "value": "tests"}, {"name": "suite", "value": "test_track_page"}, {"name": "subSuite", "value": "TestTrackPage"}, {"name": "host", "value": "ubuntu22"}, {"name": "thread", "value": "106297-MainThread"}, {"name": "framework", "value": "pytest"}, {"name": "language", "value": "cpython3"}, {"name": "package", "value": "tests.test_track_page"}]}