{"name": "test_correct_data_in_status_window[user_data1]", "status": "failed", "statusDetails": {"message": "AssertionError: assert {'address': '...03.2022', ...} == {'address': '...5 марта', ...}\n  \n  Omitting 6 identical items, use -vv to show\n  Differing items:\n  {'date': '24.03.2022'} != {'date': '25 марта'}\n  {'colors': ['1']} != {'colors': 'чёрный жемчуг'}\n  {'subway': 'Домодедовская'} != {'subway': 'Красногвардейская'}\n  Use -v to get more diff", "trace": "self = <tests.test_track_page.TestTrackPage object at 0x7073b89d76e0>, user_data = {'address': 'пр. Энергетиков', 'colors': ['1'], 'comment': 'no comments', 'date': '24.03.2022', ...}\n\n    @pytest.mark.parametrize('user_data', helper.USER_DATA)\n    def test_correct_data_in_status_window(self, user_data):\n        main_page = MainPage(self.driver)\n        order_page = OrderPage(main_page.go_to_order_page_from_header())\n        track_page = TrackPage(*order_page.full_flow_from_order_page_to_track_page(user_data))\n        all_elements_text = track_page.get_all_elements_text_in_track_info()\n>       assert user_data == all_elements_text\nE       AssertionError: assert {'address': '...03.2022', ...} == {'address': '...5 марта', ...}\nE         \nE         Omitting 6 identical items, use -vv to show\nE         Differing items:\nE         {'date': '24.03.2022'} != {'date': '25 марта'}\nE         {'colors': ['1']} != {'colors': 'чёрный жемчуг'}\nE         {'subway': 'Домодедовская'} != {'subway': 'Красногвардейская'}\nE         Use -v to get more diff\n\ntests/test_track_page.py:27: AssertionError"}, "parameters": [{"name": "user_data", "value": "{'name': 'Сергей', 'surname': 'Петров', 'address': 'пр. Энергетиков', 'subway': 'Домодедовская', 'phone': '01234567890', 'date': '24.03.2022', 'time_of_rent': 'сутки', 'colors': ['1'], 'comment': 'no comments'}"}], "start": 1728843166795, "stop": 1728843170692, "uuid": "ab9e3fe1-e438-4bc9-8bf4-034b33e6041e", "historyId": "ef9bbf3ac2c63afd1d3f8fe62934adc1", "testCaseId": "d1581c43d26bb4f6458dff7a02e29ee1", "fullName": "tests.test_track_page.TestTrackPage#test_correct_data_in_status_window", "labels": [{"name": "parentSuite", "value": "tests"}, {"name": "suite", "value": "test_track_page"}, {"name": "subSuite", "value": "TestTrackPage"}, {"name": "host", "value": "ubuntu22"}, {"name": "thread", "value": "47896-MainThread"}, {"name": "framework", "value": "pytest"}, {"name": "language", "value": "cpython3"}, {"name": "package", "value": "tests.test_track_page"}]}